<?xml version="1.0" encoding="UTF-8"?>
<testsuite name="com.boycoder.calculator.TestCalculatorV3" tests="1" skipped="0" failures="0" errors="0" timestamp="2022-11-09T10:26:56" hostname="Kestrels-MacBook-Pro.local" time="0.023">
  <properties/>
  <testcase name="testCalculate()" classname="com.boycoder.calculator.TestCalculatorV3" time="0.023"/>
  <system-out><![CDATA[]]></system-out>
  <system-err><![CDATA[]]></system-err>
</testsuite>
